<?xml version="1.0" encoding="UTF-8"?>
<!-- Generated by org.testng.reporters.JUnitXMLReporter -->
<testsuite ignored="0" hostname="LAPTOP-M1R1IP0R" failures="0" tests="2" name="Default test" time="3.82" errors="0" timestamp="2023-05-24T21:13:17 EDT">
  <testcase classname="tek.api.sqa.tests.SecurityTest" name="testGeneratedTokenWithInvalidUsername" time="2.227"/>
  <testcase classname="tek.api.sqa.tests.SecurityTest" name="testGeneratedTokenWithValidUsername" time="0.805"/>
</testsuite> <!-- Default test -->
