<?xml version="1.0" encoding="UTF-8"?>
<!-- Generated by org.testng.reporters.JUnitXMLReporter -->
<testsuite ignored="1" hostname="LAPTOP-M1R1IP0R" failures="0" tests="1" name="Default test" time="3.38" errors="0" timestamp="2023-06-03T11:03:25 EDT">
  <testcase classname="tek.api.sqa.tests.SecurityTest" name="testGeneratedTokenWithValidUsername" time="2.594"/>
  <testcase classname="tek.api.sqa.tests.SecurityTest" name="testGeneratedTokenWithInvalidUsername" time="0.0">
    <ignored/>
  </testcase> <!-- testGeneratedTokenWithInvalidUsername -->
</testsuite> <!-- Default test -->
