<?xml version="1.0" encoding="UTF-8"?>
<!-- Generated by org.testng.reporters.JUnitXMLReporter -->
<testsuite ignored="0" hostname="LAPTOP-M1R1IP0R" failures="2" tests="10" name="Tek Insurance API Tests" time="17.616" errors="0" timestamp="2023-05-30T21:41:18 EDT">
  <testcase classname="tek.api.sqa.tests.AddPrimaryAccountTest" name="addPrimaryAccount" time="2.815">
    <failure type="java.lang.AssertionError" message="expected [201] but found [400]">
      <![CDATA[java.lang.AssertionError: expected [201] but found [400]
at tek.api.sqa.tests.AddPrimaryAccountTest.addPrimaryAccount(AddPrimaryAccountTest.java:37)
at java.base/java.util.ArrayList.forEach(ArrayList.java:1541)
... Removed 33 stack frames]]>
    </failure>
  </testcase> <!-- addPrimaryAccount -->
  <testcase classname="tek.api.sqa.tests.CreateAccountTest" name="createAccountValidTest" time="1.367"/>
  <testcase classname="tek.api.sqa.tests.GetAccountTest" name="getAccountWithAnID" time="1.26"/>
  <testcase classname="tek.api.sqa.tests.GetAllAccountsTest" name="getAllAccounts" time="6.44"/>
  <testcase classname="tek.api.sqa.tests.GetAllPlanCodeTest" name="getAllPlanCode" time="1.291"/>
  <testcase classname="tek.api.sqa.tests.SecurityTest" name="testGeneratedTokenWithInvalidUsername" time="0.465"/>
  <testcase classname="tek.api.sqa.tests.SecurityTest" name="testGeneratedTokenWithValidUsername" time="0.545"/>
  <testcase classname="tek.api.sqa.tests.TokenVerifyTest" name="tokenVerifyTest" time="1.164"/>
  <testcase classname="tek.api.sqa.tests.TokenVerifyTest" name="verifyTestWithInvalidToken" time="0.434"/>
  <testcase classname="tek.api.sqa.tests.UserProfileTest" name="userProfileTest" time="1.015">
    <failure type="java.lang.AssertionError" message="expected [200] but found [403]">
      <![CDATA[java.lang.AssertionError: expected [200] but found [403]
at tek.api.sqa.tests.UserProfileTest.userProfileTest(UserProfileTest.java:21)
at java.base/java.util.ArrayList.forEach(ArrayList.java:1541)
... Removed 33 stack frames]]>
    </failure>
  </testcase> <!-- userProfileTest -->
</testsuite> <!-- Tek Insurance API Tests -->
