<?xml version="1.0" encoding="UTF-8"?>
<!-- Generated by org.testng.reporters.JUnitXMLReporter -->
<testsuite ignored="0" hostname="LAPTOP-M1R1IP0R" failures="0" tests="4" name="Tek Insurance API Tests" time="4.96" errors="0" timestamp="2023-06-03T10:57:48 EDT">
  <testcase classname="tek.api.sqa.tests.SecurityTest" name="testGeneratedTokenWithInvalidUsername" time="1.971"/>
  <testcase classname="tek.api.sqa.tests.SecurityTest" name="testGeneratedTokenWithValidUsername" time="0.633"/>
  <testcase classname="tek.api.sqa.tests.TokenVerifyTest" name="tokenVerifyTest" time="1.07"/>
  <testcase classname="tek.api.sqa.tests.TokenVerifyTest" name="verifyTestWithInvalidToken" time="0.415"/>
</testsuite> <!-- Tek Insurance API Tests -->
