<?xml version="1.0" encoding="UTF-8"?>
<testng-results ignored="0" total="1" passed="1" failed="0" skipped="0">
  <reporter-output>
  </reporter-output>
  <suite started-at="2023-05-28T12:03:23 EDT" name="Default suite" finished-at="2023-05-28T12:03:28 EDT" duration-ms="4792">
    <groups>
    </groups>
    <test started-at="2023-05-28T12:03:23 EDT" name="Default test" finished-at="2023-05-28T12:03:28 EDT" duration-ms="4792">
      <class name="tek.api.sqa.tests.GetAllPlanCodeTest">
        <test-method is-config="true" signature="setupApiTest()[pri:0, instance:tek.api.sqa.tests.GetAllPlanCodeTest@78452606]" started-at="2023-05-28T12:03:23 EDT" name="setupApiTest" finished-at="2023-05-28T12:03:24 EDT" duration-ms="433" status="PASS">
          <reporter-output>
          </reporter-output>
        </test-method> <!-- setupApiTest -->
        <test-method signature="getAllPlanCode()[pri:0, instance:tek.api.sqa.tests.GetAllPlanCodeTest@78452606]" started-at="2023-05-28T12:03:24 EDT" name="getAllPlanCode" finished-at="2023-05-28T12:03:28 EDT" duration-ms="3978" status="PASS">
          <reporter-output>
          </reporter-output>
        </test-method> <!-- getAllPlanCode -->
      </class> <!-- tek.api.sqa.tests.GetAllPlanCodeTest -->
    </test> <!-- Default test -->
  </suite> <!-- Default suite -->
</testng-results>
