<?xml version="1.0" encoding="UTF-8"?>
<testng-results ignored="0" total="1" passed="1" failed="0" skipped="0">
  <reporter-output>
  </reporter-output>
  <suite started-at="2023-05-28T10:38:42 EDT" name="Default suite" finished-at="2023-05-28T10:38:46 EDT" duration-ms="3719">
    <groups>
    </groups>
    <test started-at="2023-05-28T10:38:42 EDT" name="Default test" finished-at="2023-05-28T10:38:46 EDT" duration-ms="3719">
      <class name="tek.api.sqa.tests.GetAccountTest">
        <test-method is-config="true" signature="setupApiTest()[pri:0, instance:tek.api.sqa.tests.GetAccountTest@78452606]" started-at="2023-05-28T10:38:43 EDT" name="setupApiTest" finished-at="2023-05-28T10:38:43 EDT" duration-ms="431" status="PASS">
          <reporter-output>
          </reporter-output>
        </test-method> <!-- setupApiTest -->
        <test-method signature="getAccountWithAnID()[pri:0, instance:tek.api.sqa.tests.GetAccountTest@78452606]" started-at="2023-05-28T10:38:43 EDT" name="getAccountWithAnID" finished-at="2023-05-28T10:38:46 EDT" duration-ms="2927" status="PASS">
          <reporter-output>
          </reporter-output>
        </test-method> <!-- getAccountWithAnID -->
      </class> <!-- tek.api.sqa.tests.GetAccountTest -->
    </test> <!-- Default test -->
  </suite> <!-- Default suite -->
</testng-results>
