<?xml version="1.0" encoding="UTF-8"?>
<testng-results ignored="0" total="2" passed="2" failed="0" skipped="0">
  <reporter-output>
  </reporter-output>
  <suite started-at="2023-05-24T21:13:13 EDT" name="Default suite" finished-at="2023-05-24T21:13:17 EDT" duration-ms="3820">
    <groups>
    </groups>
    <test started-at="2023-05-24T21:13:13 EDT" name="Default test" finished-at="2023-05-24T21:13:17 EDT" duration-ms="3820">
      <class name="tek.api.sqa.tests.SecurityTest">
        <test-method is-config="true" signature="setupApiTest()[pri:0, instance:tek.api.sqa.tests.SecurityTest@311bf055]" started-at="2023-05-24T21:13:13 EDT" name="setupApiTest" finished-at="2023-05-24T21:13:13 EDT" duration-ms="428" status="PASS">
          <reporter-output>
          </reporter-output>
        </test-method> <!-- setupApiTest -->
        <test-method signature="testGeneratedTokenWithInvalidUsername()[pri:0, instance:tek.api.sqa.tests.SecurityTest@311bf055]" started-at="2023-05-24T21:13:13 EDT" name="testGeneratedTokenWithInvalidUsername" finished-at="2023-05-24T21:13:16 EDT" duration-ms="2227" status="PASS">
          <reporter-output>
          </reporter-output>
        </test-method> <!-- testGeneratedTokenWithInvalidUsername -->
        <test-method is-config="true" signature="setupApiTest()[pri:0, instance:tek.api.sqa.tests.SecurityTest@311bf055]" started-at="2023-05-24T21:13:16 EDT" name="setupApiTest" finished-at="2023-05-24T21:13:16 EDT" duration-ms="0" status="PASS">
          <reporter-output>
          </reporter-output>
        </test-method> <!-- setupApiTest -->
        <test-method signature="testGeneratedTokenWithValidUsername()[pri:0, instance:tek.api.sqa.tests.SecurityTest@311bf055]" started-at="2023-05-24T21:13:16 EDT" name="testGeneratedTokenWithValidUsername" finished-at="2023-05-24T21:13:17 EDT" duration-ms="805" status="PASS">
          <reporter-output>
          </reporter-output>
        </test-method> <!-- testGeneratedTokenWithValidUsername -->
      </class> <!-- tek.api.sqa.tests.SecurityTest -->
    </test> <!-- Default test -->
  </suite> <!-- Default suite -->
</testng-results>
